<?xml version="1.0" encoding="UTF-8"?>
<!-- Generated by org.testng.reporters.JUnitReportReporter -->
<testsuite hostname="Madhuri" failures="0" tests="5" name="com.automationPractice.Tests.ContactUsTest" time="63.057" errors="0" timestamp="2021-04-04T15:00:43 BST" skipped="0">
  <testcase classname="com.automationPractice.Tests.ContactUsTest" name="verifyTitleContactUs" time="10.761"/>
  <system-out/>
  <testcase classname="com.automationPractice.Tests.ContactUsTest" name="verifyContactUsNav" time="11.343"/>
  <system-out/>
  <testcase classname="com.automationPractice.Tests.ContactUsTest" name="verifySubjectHeading" time="10.010"/>
  <system-out/>
  <testcase classname="com.automationPractice.Tests.ContactUsTest" name="verifyAddedMsg" time="14.987"/>
  <system-out/>
  <testcase classname="com.automationPractice.Tests.ContactUsTest" name="verifyFileUpload" time="15.956"/>
  <system-out/>
</testsuite> <!-- com.automationPractice.Tests.ContactUsTest -->
