<?xml version="1.0" encoding="UTF-8"?>
<!-- Generated by org.testng.reporters.JUnitReportReporter -->
<testsuite hostname="Madhuri" failures="0" tests="8" name="com.automationPractice.Tests.MyAccountTest" time="146.850" errors="0" timestamp="2021-04-05T16:33:40 BST" skipped="0">
  <testcase classname="com.automationPractice.Tests.MyAccountTest" name="CheckUserName" time="16.892"/>
  <system-out/>
  <testcase classname="com.automationPractice.Tests.MyAccountTest" name="CheckPresentTags" time="16.070"/>
  <system-out/>
  <testcase classname="com.automationPractice.Tests.MyAccountTest" name="printAccountHeaders" time="18.214"/>
  <system-out/>
  <testcase classname="com.automationPractice.Tests.MyAccountTest" name="CheckToolTipTags" time="22.288"/>
  <system-out/>
  <testcase classname="com.automationPractice.Tests.MyAccountTest" name="printWomensTopsCategory" time="16.940"/>
  <system-out/>
  <testcase classname="com.automationPractice.Tests.MyAccountTest" name="casualDressWomen" time="25.406"/>
  <system-out/>
  <testcase classname="com.automationPractice.Tests.MyAccountTest" name="clickMyAddress" time="16.043"/>
  <system-out/>
  <testcase classname="com.automationPractice.Tests.MyAccountTest" name="clickContactUs" time="14.997"/>
  <system-out/>
</testsuite> <!-- com.automationPractice.Tests.MyAccountTest -->
