<?xml version="1.0" encoding="UTF-8"?>
<!-- Generated by org.testng.reporters.JUnitReportReporter -->
<testsuite hostname="Madhuri" failures="0" tests="4" name="com.automationPractice.Tests.LoginPageTest" time="46.886" errors="0" timestamp="2021-04-05T15:02:57 BST" skipped="0">
  <testcase classname="com.automationPractice.Tests.LoginPageTest" name="isLoginPageDisplayedCorrectly" time="11.424"/>
  <system-out/>
  <testcase classname="com.automationPractice.Tests.LoginPageTest" name="AttemptToLoginWithValidUserNameAndPassword" time="15.492"/>
  <system-out/>
  <testcase classname="com.automationPractice.Tests.LoginPageTest" name="AttemptToLoginWithInvalidPassword" time="9.642"/>
  <system-out/>
  <testcase classname="com.automationPractice.Tests.LoginPageTest" name="AttemptToLoginWithInvalidUsername" time="10.328"/>
  <system-out/>
</testsuite> <!-- com.automationPractice.Tests.LoginPageTest -->
