<?xml version="1.0" encoding="UTF-8"?>
<!-- Generated by org.testng.reporters.JUnitReportReporter -->
<testsuite hostname="Madhuri" failures="0" tests="4" name="com.automationPractice.Tests.LoginPageTest" time="62.274" errors="0" timestamp="2021-04-05T16:33:40 BST" skipped="0">
  <testcase classname="com.automationPractice.Tests.LoginPageTest" name="isLoginPageDisplayedCorrectly" time="11.786"/>
  <system-out/>
  <testcase classname="com.automationPractice.Tests.LoginPageTest" name="AttemptToLoginWithValidUserNameAndPassword" time="18.311"/>
  <system-out/>
  <testcase classname="com.automationPractice.Tests.LoginPageTest" name="AttemptToLoginWithInvalidPassword" time="13.405"/>
  <system-out/>
  <testcase classname="com.automationPractice.Tests.LoginPageTest" name="AttemptToLoginWithInvalidUsername" time="18.772"/>
  <system-out/>
</testsuite> <!-- com.automationPractice.Tests.LoginPageTest -->
