<?xml version="1.0" encoding="UTF-8"?>
<!-- Generated by org.testng.reporters.JUnitReportReporter -->
<testsuite hostname="Madhuri" failures="0" tests="5" name="com.automationPractice.Tests.ContactUsTest" time="70.594" errors="0" timestamp="2021-04-05T15:02:57 BST" skipped="0">
  <testcase classname="com.automationPractice.Tests.ContactUsTest" name="verifyTitleContactUs" time="13.040"/>
  <system-out/>
  <testcase classname="com.automationPractice.Tests.ContactUsTest" name="verifyContactUsNav" time="11.122"/>
  <system-out/>
  <testcase classname="com.automationPractice.Tests.ContactUsTest" name="verifySubjectHeading" time="13.099"/>
  <system-out/>
  <testcase classname="com.automationPractice.Tests.ContactUsTest" name="verifyAddedMsg" time="15.865"/>
  <system-out/>
  <testcase classname="com.automationPractice.Tests.ContactUsTest" name="verifyFileUpload" time="17.468"/>
  <system-out/>
</testsuite> <!-- com.automationPractice.Tests.ContactUsTest -->
