<?xml version="1.0" encoding="UTF-8"?>
<!-- Generated by org.testng.reporters.JUnitReportReporter -->
<testsuite hostname="Madhuri" failures="0" tests="8" name="com.automationPractice.Tests.MyAccountTest" time="104.126" errors="0" timestamp="2021-04-05T15:02:57 BST" skipped="0">
  <testcase classname="com.automationPractice.Tests.MyAccountTest" name="CheckUserName" time="11.235"/>
  <system-out/>
  <testcase classname="com.automationPractice.Tests.MyAccountTest" name="CheckPresentTags" time="14.066"/>
  <system-out/>
  <testcase classname="com.automationPractice.Tests.MyAccountTest" name="printAccountHeaders" time="10.796"/>
  <system-out/>
  <testcase classname="com.automationPractice.Tests.MyAccountTest" name="CheckToolTipTags" time="11.958"/>
  <system-out/>
  <testcase classname="com.automationPractice.Tests.MyAccountTest" name="printWomensTopsCategory" time="14.765"/>
  <system-out/>
  <testcase classname="com.automationPractice.Tests.MyAccountTest" name="casualDressWomen" time="15.187"/>
  <system-out/>
  <testcase classname="com.automationPractice.Tests.MyAccountTest" name="clickMyAddress" time="13.450"/>
  <system-out/>
  <testcase classname="com.automationPractice.Tests.MyAccountTest" name="clickContactUs" time="12.669"/>
  <system-out/>
</testsuite> <!-- com.automationPractice.Tests.MyAccountTest -->
