<?xml version="1.0" encoding="UTF-8"?>
<!-- Generated by org.testng.reporters.JUnitReportReporter -->
<testsuite hostname="Madhuri" failures="0" tests="2" name="com.automationPractice.Tests.MyAddressTest" time="22.139" errors="0" timestamp="2021-04-04T14:32:34 BST" skipped="0">
  <testcase classname="com.automationPractice.Tests.MyAddressTest" name="verifyTitle" time="10.366"/>
  <system-out/>
  <testcase classname="com.automationPractice.Tests.MyAddressTest" name="verifyURL" time="11.773"/>
  <system-out/>
</testsuite> <!-- com.automationPractice.Tests.MyAddressTest -->
