<?xml version="1.0" encoding="UTF-8"?>
<!-- Generated by org.testng.reporters.JUnitReportReporter -->
<testsuite hostname="Madhuri" failures="0" tests="8" name="com.automationPractice.Tests.MyAccountTest" time="121.279" errors="0" timestamp="2021-04-05T12:27:02 BST" skipped="0">
  <testcase classname="com.automationPractice.Tests.MyAccountTest" name="CheckUserName" time="12.079"/>
  <system-out/>
  <testcase classname="com.automationPractice.Tests.MyAccountTest" name="CheckPresentTags" time="18.577"/>
  <system-out/>
  <testcase classname="com.automationPractice.Tests.MyAccountTest" name="printAccountHeaders" time="14.087"/>
  <system-out/>
  <testcase classname="com.automationPractice.Tests.MyAccountTest" name="CheckToolTipTags" time="13.450"/>
  <system-out/>
  <testcase classname="com.automationPractice.Tests.MyAccountTest" name="printWomensTopsCategory" time="16.565"/>
  <system-out/>
  <testcase classname="com.automationPractice.Tests.MyAccountTest" name="casualDressWomen" time="19.470"/>
  <system-out/>
  <testcase classname="com.automationPractice.Tests.MyAccountTest" name="clickMyAddress" time="12.861"/>
  <system-out/>
  <testcase classname="com.automationPractice.Tests.MyAccountTest" name="clickContactUs" time="14.190"/>
  <system-out/>
</testsuite> <!-- com.automationPractice.Tests.MyAccountTest -->
