<?xml version="1.0" encoding="UTF-8"?>
<!-- Generated by org.testng.reporters.JUnitReportReporter -->
<testsuite hostname="Madhuri" failures="0" tests="5" name="com.automationPractice.Tests.ContactUsTest" time="93.220" errors="0" timestamp="2021-04-05T16:33:40 BST" skipped="0">
  <testcase classname="com.automationPractice.Tests.ContactUsTest" name="verifyTitleContactUs" time="18.985"/>
  <system-out/>
  <testcase classname="com.automationPractice.Tests.ContactUsTest" name="verifyContactUsNav" time="14.789"/>
  <system-out/>
  <testcase classname="com.automationPractice.Tests.ContactUsTest" name="verifySubjectHeading" time="15.345"/>
  <system-out/>
  <testcase classname="com.automationPractice.Tests.ContactUsTest" name="verifyAddedMsg" time="24.089"/>
  <system-out/>
  <testcase classname="com.automationPractice.Tests.ContactUsTest" name="verifyFileUpload" time="20.012"/>
  <system-out/>
</testsuite> <!-- com.automationPractice.Tests.ContactUsTest -->
