<?xml version="1.0" encoding="UTF-8"?>
<!-- Generated by org.testng.reporters.JUnitReportReporter -->
<testsuite hostname="Madhuri" failures="0" tests="1" name="com.automationPractice.Tests.LoginPageTest" time="12.001" errors="0" timestamp="2021-04-05T15:59:15 BST" skipped="0">
  <testcase classname="com.automationPractice.Tests.LoginPageTest" name="AttemptToLoginWithValidUserNameAndPassword" time="12.001"/>
  <system-out/>
</testsuite> <!-- com.automationPractice.Tests.LoginPageTest -->
