<?xml version="1.0" encoding="UTF-8"?>
<!-- Generated by org.testng.reporters.JUnitReportReporter -->
<testsuite hostname="Madhuri" failures="0" tests="4" name="com.automationPractice.Tests.LoginPageTest" time="41.410" errors="0" timestamp="2021-04-04T20:23:34 BST" skipped="0">
  <testcase classname="com.automationPractice.Tests.LoginPageTest" name="isLoginPageDisplayedCorrectly" time="8.065"/>
  <system-out/>
  <testcase classname="com.automationPractice.Tests.LoginPageTest" name="AttemptToLoginWithValidUserNameAndPassword" time="10.509"/>
  <system-out/>
  <testcase classname="com.automationPractice.Tests.LoginPageTest" name="AttemptToLoginWithInvalidPassword" time="11.616"/>
  <system-out/>
  <testcase classname="com.automationPractice.Tests.LoginPageTest" name="AttemptToLoginWithInvalidUsername" time="11.220"/>
  <system-out/>
</testsuite> <!-- com.automationPractice.Tests.LoginPageTest -->
